-------------------------------------------------------------------------------
Test set: memogem.carddatabase.DatabaseLoaderDAOTest
-------------------------------------------------------------------------------
Tests run: 5, Failures: 0, Errors: 1, Skipped: 0, Time elapsed: 101.617 sec <<< FAILURE! - in memogem.carddatabase.DatabaseLoaderDAOTest
compareImportedCardsWithLocalOnes(memogem.carddatabase.DatabaseLoaderDAOTest)  Time elapsed: 15.218 sec  <<< ERROR!
java.lang.NullPointerException: null
	at memogem.carddatabase.DatabaseLoaderDAOTest.compareImportedCardsWithLocalOnes(DatabaseLoaderDAOTest.java:146)

