-------------------------------------------------------------------------------
Test set: memogem.carddatabase.InitDbTest
-------------------------------------------------------------------------------
Tests run: 8, Failures: 1, Errors: 0, Skipped: 0, Time elapsed: 13.865 sec <<< FAILURE! - in memogem.carddatabase.InitDbTest
testTheDatabaseCreationofTableStudySpeed(memogem.carddatabase.InitDbTest)  Time elapsed: 0.452 sec  <<< FAILURE!
java.lang.AssertionError: null
	at org.junit.Assert.fail(Assert.java:86)
	at org.junit.Assert.assertTrue(Assert.java:41)
	at org.junit.Assert.assertTrue(Assert.java:52)
	at memogem.carddatabase.InitDbTest.testTheDatabaseCreationofTableStudySpeed(InitDbTest.java:125)

