<?xml version="1.0" encoding="UTF-8"?>
<testsuite name="memogem.carddatabase.DatabaseTest" time="0.001" tests="8" errors="0" skipped="0" failures="0">
  <properties>
[...]
</properties>
  <testcase name="testDoesCardBelongIntoDatabaseTrue" classname="memogem.carddatabase.DatabaseTest" time="0"/>
  <testcase name="testMethodremoveCardWhenCardDoesntBelongToTheDatabase" classname="memogem.carddatabase.DatabaseTest" time="0"/>
  <testcase name="testAddNewTagToTagDatabaseFalse" classname="memogem.carddatabase.DatabaseTest" time="0"/>
  <testcase name="testAddNewTagToTagDatabase" classname="memogem.carddatabase.DatabaseTest" time="0"/>
  <testcase name="testDoesCardBelongIntoDatabaseFalse" classname="memogem.carddatabase.DatabaseTest" time="0"/>
  <testcase name="testDoesCardBelongIntoDatabaseTrue2" classname="memogem.carddatabase.DatabaseTest" time="0"/>
  <testcase name="testAddingIntoDatabase" classname="memogem.carddatabase.DatabaseTest" time="0.001"/>
  <testcase name="testAddingIntoDatabaseManyCards" classname="memogem.carddatabase.DatabaseTest" time="0"/>
</testsuite>